23:41:02.944 [TestNG-tests-3] INFO  Training.E2Eeclipse.ValidateMenuDisplayed - Displayed Assertion - getPageNav
23:41:05.180 [TestNG-tests-1] INFO  Training.E2Eeclipse.HomePage - loginPage parameter run
23:41:08.925 [TestNG-tests-1] INFO  Training.E2Eeclipse.HomePage - loginPage parameter run
23:41:12.624 [TestNG-tests-1] INFO  Training.E2Eeclipse.HomePage - loginPage parameter run
23:41:13.871 [TestNG-tests-1] INFO  Training.E2Eeclipse.HomePage - Driver closed
00:17:40.960 [TestNG-tests-2] INFO  Training.E2Eeclipse.ValidateTitle - Driver is initiated
00:17:41.909 [TestNG-tests-1] INFO  Training.E2Eeclipse.HomePage - Driver is initiated
00:17:43.483 [TestNG-tests-3] INFO  Training.E2Eeclipse.ValidateMenuDisplayed - Driver is initiated
00:17:55.934 [TestNG-tests-3] INFO  Training.E2Eeclipse.ValidateMenuDisplayed - Displayed Assertion - getPageNav
00:17:58.546 [TestNG-tests-1] INFO  Training.E2Eeclipse.HomePage - loginPage parameter run
00:18:02.017 [TestNG-tests-1] INFO  Training.E2Eeclipse.HomePage - loginPage parameter run
00:18:05.450 [TestNG-tests-1] INFO  Training.E2Eeclipse.HomePage - loginPage parameter run
00:18:06.812 [TestNG-tests-1] INFO  Training.E2Eeclipse.HomePage - Driver closed
00:20:03.272 [TestNG-tests-2] INFO  Training.E2Eeclipse.ValidateTitle - Driver is initiated
00:20:03.272 [TestNG-tests-1] INFO  Training.E2Eeclipse.HomePage - Driver is initiated
00:20:03.446 [TestNG-tests-3] INFO  Training.E2Eeclipse.ValidateMenuDisplayed - Driver is initiated
00:20:10.412 [TestNG-tests-3] INFO  Training.E2Eeclipse.ValidateMenuDisplayed - Displayed Assertion - getPageNav
00:20:14.028 [TestNG-tests-1] INFO  Training.E2Eeclipse.HomePage - loginPage parameter run
00:20:17.231 [TestNG-tests-1] INFO  Training.E2Eeclipse.HomePage - loginPage parameter run
00:20:20.184 [TestNG-tests-1] INFO  Training.E2Eeclipse.HomePage - loginPage parameter run
00:20:20.431 [TestNG-tests-1] INFO  Training.E2Eeclipse.HomePage - Driver closed
00:23:23.846 [TestNG-tests-1] INFO  Training.E2Eeclipse.HomePage - Driver is initiated
00:23:24.077 [TestNG-tests-3] INFO  Training.E2Eeclipse.ValidateMenuDisplayed - Driver is initiated
00:23:24.557 [TestNG-tests-2] INFO  Training.E2Eeclipse.ValidateTitle - Driver is initiated
00:23:32.766 [TestNG-tests-3] INFO  Training.E2Eeclipse.ValidateMenuDisplayed - Displayed Assertion - getPageNav
00:23:34.839 [TestNG-tests-1] INFO  Training.E2Eeclipse.HomePage - loginPage parameter run
00:23:38.365 [TestNG-tests-1] INFO  Training.E2Eeclipse.HomePage - loginPage parameter run
00:23:41.435 [TestNG-tests-1] INFO  Training.E2Eeclipse.HomePage - loginPage parameter run
00:23:41.623 [TestNG-tests-1] INFO  Training.E2Eeclipse.HomePage - Driver closed
00:26:11.107 [TestNG-tests-2] INFO  Training.E2Eeclipse.ValidateTitle - Driver is initiated
00:26:11.317 [TestNG-tests-1] INFO  Training.E2Eeclipse.HomePage - Driver is initiated
00:26:11.348 [TestNG-tests-3] INFO  Training.E2Eeclipse.ValidateMenuDisplayed - Driver is initiated
00:26:19.486 [TestNG-tests-3] INFO  Training.E2Eeclipse.ValidateMenuDisplayed - Displayed Assertion - getPageNav
00:26:23.379 [TestNG-tests-1] INFO  Training.E2Eeclipse.HomePage - loginPage parameter run
00:26:26.752 [TestNG-tests-1] INFO  Training.E2Eeclipse.HomePage - loginPage parameter run
00:26:29.533 [TestNG-tests-1] INFO  Training.E2Eeclipse.HomePage - loginPage parameter run
00:26:29.592 [TestNG-tests-1] INFO  Training.E2Eeclipse.HomePage - Driver closed
00:27:19.460 [TestNG-tests-1] INFO  Training.E2Eeclipse.HomePage - Driver is initiated
00:27:19.589 [TestNG-tests-2] INFO  Training.E2Eeclipse.ValidateTitle - Driver is initiated
00:27:19.605 [TestNG-tests-3] INFO  Training.E2Eeclipse.ValidateMenuDisplayed - Driver is initiated
00:27:26.815 [TestNG-tests-3] INFO  Training.E2Eeclipse.ValidateMenuDisplayed - Displayed Assertion - getPageNav
00:27:29.985 [TestNG-tests-1] INFO  Training.E2Eeclipse.HomePage - loginPage parameter run
00:27:33.554 [TestNG-tests-1] INFO  Training.E2Eeclipse.HomePage - loginPage parameter run
00:27:36.951 [TestNG-tests-1] INFO  Training.E2Eeclipse.HomePage - loginPage parameter run
00:27:37.128 [TestNG-tests-1] INFO  Training.E2Eeclipse.HomePage - Driver closed
00:27:55.882 [TestNG-tests-2] INFO  Training.E2Eeclipse.ValidateTitle - Driver is initiated
00:27:55.882 [TestNG-tests-3] INFO  Training.E2Eeclipse.ValidateMenuDisplayed - Driver is initiated
00:27:55.882 [TestNG-tests-1] INFO  Training.E2Eeclipse.HomePage - Driver is initiated
00:28:03.871 [TestNG-tests-3] INFO  Training.E2Eeclipse.ValidateMenuDisplayed - Displayed Assertion - getPageNav
00:28:10.147 [TestNG-tests-1] INFO  Training.E2Eeclipse.HomePage - loginPage parameter run
00:28:13.120 [TestNG-tests-1] INFO  Training.E2Eeclipse.HomePage - loginPage parameter run
00:28:15.963 [TestNG-tests-1] INFO  Training.E2Eeclipse.HomePage - loginPage parameter run
00:28:16.077 [TestNG-tests-1] INFO  Training.E2Eeclipse.HomePage - Driver closed
